{"name": "test_vs_file_upload[kyle-123456]", "status": "broken", "statusDetails": {"message": "FileNotFoundError: [Errno 2] No such file or directory: './image/err.png'", "trace": "self = <scripts.test_vs_file_upload.TestVsFileUpload object at 0x0000016BEF500850>\n\n    def assert_file_upload(self):\n        self.vs.file.page_get_filename()\n        print(\"文件名称为\", self.vs.file.page_get_filename())\n        getFileName = self.vs.file.page_get_filename()\n        from tools.read_yaml import read_yaml\n        f = read_yaml(\"vs_upload_file_info.yaml\")\n        res = f[0][1]\n        try:\n>           assert getFileName == res\nE           AssertionError: assert 'ztest' == 'fileUpload.csv'\n\ntest_vs_file_upload.py:34: AssertionError\n\nDuring handling of the above exception, another exception occurred:\n\nself = <scripts.test_vs_file_upload.TestVsFileUpload object at 0x0000016BEF500850>\nusername = 'kyle', password = '123456'\n\n    @pytest.mark.parametrize(\"username,password\", read_yaml(\"vs_file_upload.yaml\"))\n    def test_vs_file_upload(self, username, password):\n        self.vs.page_vs_login(username, password)\n        self.vs.file.page_vs_file_upload()\n>       self.assert_file_upload()\n\ntest_vs_file_upload.py:47: \n_ _ _ _ _ _ _ _ _ _ _ _ _ _ _ _ _ _ _ _ _ _ _ _ _ _ _ _ _ _ _ _ _ _ _ _ _ _ _ _\ntest_vs_file_upload.py:39: in assert_file_upload\n    self.vs.base_get_img()\n..\\base\\base.py:70: in base_get_img\n    self.__base_write_img()\n_ _ _ _ _ _ _ _ _ _ _ _ _ _ _ _ _ _ _ _ _ _ _ _ _ _ _ _ _ _ _ _ _ _ _ _ _ _ _ _\n\nself = <page.page_vs_login.PageVsLogin object at 0x0000016BEF55DD90>\n\n    def __base_write_img(self):\n>       with open(\"./image/err.png\", \"rb\") as f:\nE       FileNotFoundError: [Errno 2] No such file or directory: './image/err.png'\n\n..\\base\\base.py:74: FileNotFoundError"}, "steps": [{"name": "one step", "status": "passed", "parameters": [{"name": "username", "value": "'kyle'"}], "start": 1638183644530, "stop": 1638183644578}, {"name": "two step", "status": "passed", "parameters": [{"name": "password", "value": "'123456'"}], "start": 1638183644578, "stop": 1638183644635}, {"name": "three step", "status": "passed", "start": 1638183644635, "stop": 1638183645442}], "attachments": [{"name": "log", "source": "9bec9788-04ca-4b85-b717-01c3b6219791-attachment.txt", "type": "text/plain"}], "parameters": [{"name": "username", "value": "'kyle'"}, {"name": "password", "value": "'123456'"}], "start": 1638183644529, "stop": 1638183649708, "uuid": "50f4b4ce-d35b-402f-8736-8de73165b5b0", "historyId": "2893db048a7a4a36c7223dd259aa7499", "testCaseId": "f39192183e51c0ff0db3c4a624ea14dd", "fullName": "scripts.test_vs_file_upload.TestVsFileUpload#test_vs_file_upload", "labels": [{"name": "parentSuite", "value": "scripts"}, {"name": "suite", "value": "test_vs_file_upload"}, {"name": "subSuite", "value": "TestVsFileUpload"}, {"name": "host", "value": "LAPTOP-2MM4SIL7"}, {"name": "thread", "value": "5732-MainThread"}, {"name": "framework", "value": "pytest"}, {"name": "language", "value": "cpython3"}, {"name": "package", "value": "scripts.test_vs_file_upload"}]}