{"name": "test_vs_login[kyle-123456-kyle]", "status": "failed", "statusDetails": {"message": "AssertionError: assert 'kyle' == ' kyle'", "trace": "self = <scripts.test_vs_login.TestVsLogin object at 0x0000025F4E28DBA8>\nusername = 'kyle', password = '123456', expect = 'kyle'\n\n    @pytest.mark.parametrize(\"username,password,expect\", read_yaml(\"vs_login.yaml\"))\n    def test_vs_login(self, username, password, expect):\n        self.vs.page_vs_login(username, password)\n        print(\"\\n 获取的昵称为\", self.vs.page_get_nickname())\n        try:\n>           assert expect == self.vs.page_get_nickname()\nE           AssertionError: assert 'kyle' == ' kyle'\n\ntest_vs_login.py:28: AssertionError"}, "parameters": [{"name": "username", "value": "'kyle'"}, {"name": "password", "value": "'123456'"}, {"name": "expect", "value": "'kyle'"}], "start": 1633777639534, "stop": 1633777640741, "uuid": "05cc23aa-334d-4f3f-8112-745522f3d0b0", "historyId": "ce26ffdc1f77c027d575e902b9fae511", "testCaseId": "a862348e7f0264acaa54055b030ba7d5", "fullName": "scripts.test_vs_login.TestVsLogin#test_vs_login", "labels": [{"name": "parentSuite", "value": "scripts"}, {"name": "suite", "value": "test_vs_login"}, {"name": "subSuite", "value": "TestVsLogin"}, {"name": "host", "value": "LAPTOP-2MM4SIL7"}, {"name": "thread", "value": "324-MainThread"}, {"name": "framework", "value": "pytest"}, {"name": "language", "value": "cpython3"}, {"name": "package", "value": "scripts.test_vs_login"}]}