{"name": "test_vs_login[kyle-123456-kyle1]", "status": "failed", "statusDetails": {"message": "AssertionError: assert 'kyle1' == 'kyle'\n  - kyle\n  + kyle1\n  ?     +", "trace": "self = <scripts.test_vs_login.TestVsLogin object at 0x0000020637A767F0>, username = 'kyle', password = '123456', expect = 'kyle1'\n\n    @pytest.mark.parametrize(\"username,password,expect\", read_yaml(\"vs_login.yaml\"))\n    def test_vs_login(self, username, password, expect):\n        self.vs.page_vs_login(username, password)\n        # print(\"The nickname obtained is:\", self.vs.page_get_nickname())\n        process_before = self.vs.page_get_nickname()\n        process_later = process_before.strip()\n        try:\n>           assert expect == process_later\nE           AssertionError: assert 'kyle1' == 'kyle'\nE             - kyle\nE             + kyle1\nE             ?     +\n\nscripts\\test_vs_login.py:33: AssertionError"}, "steps": [{"name": "one step", "status": "passed", "parameters": [{"name": "username", "value": "'kyle'"}], "start": 1633950374588, "stop": 1633950374644}, {"name": "two step", "status": "passed", "parameters": [{"name": "password", "value": "'123456'"}], "start": 1633950374644, "stop": 1633950374695}, {"name": "three step", "status": "passed", "start": 1633950374695, "stop": 1633950375384}, {"name": "four step", "status": "passed", "start": 1633950375384, "stop": 1633950376018}], "attachments": [{"name": 